{"/home/mike/development/research/react-native/mobile_client/App.js": {"path":"/home/mike/development/research/react-native/mobile_client/App.js","statementMap":{"0":{"start":{"line":27,"column":30},"end":{"line":73,"column":1}},"1":{"start":{"line":28,"column":2},"end":{"line":72,"column":4}},"2":{"start":{"line":75,"column":15},"end":{"line":112,"column":2}}},"fnMap":{"0":{"name":"(anonymous_0)","decl":{"start":{"line":27,"column":30},"end":{"line":27,"column":31}},"loc":{"start":{"line":27,"column":36},"end":{"line":73,"column":1}},"line":27}},"branchMap":{"0":{"loc":{"start":{"line":36,"column":11},"end":{"line":40,"column":11}},"type":"cond-expr","locations":[{"start":{"line":36,"column":43},"end":{"line":36,"column":47}},{"start":{"line":37,"column":12},"end":{"line":39,"column":19}}],"line":36}},"s":{"0":1,"1":1,"2":1},"f":{"0":1},"b":{"0":[1,0]},"_coverageSchema":"1a1c01bbd47fc00a2c39e90264f33305004495a9","hash":"fc652c985549fe2cb3d371686bfe4f002a9adf8f"}
,"/home/mike/development/research/react-native/mobile_client/logic/Auth.js": {"path":"/home/mike/development/research/react-native/mobile_client/logic/Auth.js","statementMap":{"0":{"start":{"line":4,"column":25},"end":{"line":10,"column":1}},"1":{"start":{"line":14,"column":4},"end":{"line":14,"column":43}},"2":{"start":{"line":15,"column":4},"end":{"line":18,"column":6}},"3":{"start":{"line":22,"column":4},"end":{"line":22,"column":27}},"4":{"start":{"line":25,"column":12},"end":{"line":30,"column":3}},"5":{"start":{"line":26,"column":4},"end":{"line":29,"column":6}},"6":{"start":{"line":32,"column":10},"end":{"line":54,"column":3}},"7":{"start":{"line":33,"column":4},"end":{"line":33,"column":52}},"8":{"start":{"line":34,"column":20},"end":{"line":34,"column":58}},"9":{"start":{"line":36,"column":4},"end":{"line":53,"column":8}},"10":{"start":{"line":38,"column":57},"end":{"line":38,"column":61}},"11":{"start":{"line":39,"column":8},"end":{"line":46,"column":10}},"12":{"start":{"line":49,"column":8},"end":{"line":52,"column":10}},"13":{"start":{"line":56,"column":11},"end":{"line":59,"column":3}},"14":{"start":{"line":57,"column":4},"end":{"line":57,"column":53}},"15":{"start":{"line":58,"column":4},"end":{"line":58,"column":62}}},"fnMap":{"0":{"name":"(anonymous_0)","decl":{"start":{"line":13,"column":2},"end":{"line":13,"column":3}},"loc":{"start":{"line":13,"column":16},"end":{"line":19,"column":3}},"line":13},"1":{"name":"(anonymous_1)","decl":{"start":{"line":21,"column":2},"end":{"line":21,"column":3}},"loc":{"start":{"line":21,"column":19},"end":{"line":23,"column":3}},"line":21},"2":{"name":"(anonymous_2)","decl":{"start":{"line":25,"column":12},"end":{"line":25,"column":13}},"loc":{"start":{"line":25,"column":24},"end":{"line":30,"column":3}},"line":25},"3":{"name":"(anonymous_3)","decl":{"start":{"line":32,"column":10},"end":{"line":32,"column":11}},"loc":{"start":{"line":32,"column":22},"end":{"line":54,"column":3}},"line":32},"4":{"name":"(anonymous_4)","decl":{"start":{"line":37,"column":12},"end":{"line":37,"column":13}},"loc":{"start":{"line":37,"column":20},"end":{"line":47,"column":7}},"line":37},"5":{"name":"(anonymous_5)","decl":{"start":{"line":48,"column":13},"end":{"line":48,"column":14}},"loc":{"start":{"line":48,"column":18},"end":{"line":53,"column":7}},"line":48},"6":{"name":"(anonymous_6)","decl":{"start":{"line":56,"column":11},"end":{"line":56,"column":12}},"loc":{"start":{"line":56,"column":23},"end":{"line":59,"column":3}},"line":56}},"branchMap":{},"s":{"0":2,"1":2,"2":2,"3":3,"4":2,"5":3,"6":2,"7":2,"8":2,"9":2,"10":2,"11":2,"12":0,"13":2,"14":0,"15":0},"f":{"0":2,"1":3,"2":3,"3":2,"4":2,"5":0,"6":0},"b":{},"_coverageSchema":"1a1c01bbd47fc00a2c39e90264f33305004495a9","hash":"3ca182a7767a935200bfd9ae8b7ee23803294ffd"}
,"/home/mike/development/research/react-native/mobile_client/logic/index.js": {"path":"/home/mike/development/research/react-native/mobile_client/logic/index.js","statementMap":{},"fnMap":{},"branchMap":{},"s":{},"f":{},"b":{},"_coverageSchema":"1a1c01bbd47fc00a2c39e90264f33305004495a9","hash":"e28ac36af969aec7904440ec815ca890355c72b6"}
,"/home/mike/development/research/react-native/mobile_client/logic/repos/Auth.js": {"path":"/home/mike/development/research/react-native/mobile_client/logic/repos/Auth.js","statementMap":{"0":{"start":{"line":4,"column":11},"end":{"line":19,"column":3}},"1":{"start":{"line":5,"column":19},"end":{"line":5,"column":38}},"2":{"start":{"line":7,"column":20},"end":{"line":10,"column":6}},"3":{"start":{"line":12,"column":4},"end":{"line":18,"column":5}},"4":{"start":{"line":13,"column":23},"end":{"line":13,"column":62}},"5":{"start":{"line":14,"column":6},"end":{"line":14,"column":34}},"6":{"start":{"line":17,"column":6},"end":{"line":17,"column":32}}},"fnMap":{"0":{"name":"(anonymous_0)","decl":{"start":{"line":4,"column":11},"end":{"line":4,"column":12}},"loc":{"start":{"line":4,"column":43},"end":{"line":19,"column":3}},"line":4}},"branchMap":{},"s":{"0":1,"1":0,"2":0,"3":0,"4":0,"5":0,"6":0},"f":{"0":0},"b":{},"_coverageSchema":"1a1c01bbd47fc00a2c39e90264f33305004495a9","hash":"808aa04fa30a0917e66f54c9afec9de592cacbdf"}
,"/home/mike/development/research/react-native/mobile_client/logic/repos/Core.js": {"path":"/home/mike/development/research/react-native/mobile_client/logic/repos/Core.js","statementMap":{"0":{"start":{"line":3,"column":17},"end":{"line":3,"column":22}},"1":{"start":{"line":4,"column":14},"end":{"line":4,"column":16}},"2":{"start":{"line":6,"column":24},"end":{"line":8,"column":1}},"3":{"start":{"line":7,"column":2},"end":{"line":7,"column":50}},"4":{"start":{"line":7,"column":33},"end":{"line":7,"column":49}},"5":{"start":{"line":10,"column":20},"end":{"line":12,"column":1}},"6":{"start":{"line":11,"column":2},"end":{"line":11,"column":38}},"7":{"start":{"line":11,"column":33},"end":{"line":11,"column":37}},"8":{"start":{"line":14,"column":23},"end":{"line":15,"column":18}},"9":{"start":{"line":15,"column":2},"end":{"line":15,"column":18}},"10":{"start":{"line":17,"column":22},"end":{"line":29,"column":1}},"11":{"start":{"line":18,"column":17},"end":{"line":18,"column":36}},"12":{"start":{"line":20,"column":2},"end":{"line":28,"column":3}},"13":{"start":{"line":21,"column":21},"end":{"line":21,"column":76}},"14":{"start":{"line":24,"column":4},"end":{"line":24,"column":32}},"15":{"start":{"line":27,"column":4},"end":{"line":27,"column":30}},"16":{"start":{"line":31,"column":16},"end":{"line":106,"column":1}},"17":{"start":{"line":32,"column":11},"end":{"line":39,"column":14}},"18":{"start":{"line":32,"column":21},"end":{"line":39,"column":14}},"19":{"start":{"line":34,"column":6},"end":{"line":35,"column":42}},"20":{"start":{"line":35,"column":8},"end":{"line":35,"column":42}},"21":{"start":{"line":36,"column":6},"end":{"line":36,"column":18}},"22":{"start":{"line":38,"column":17},"end":{"line":38,"column":55}},"23":{"start":{"line":41,"column":13},"end":{"line":43,"column":3}},"24":{"start":{"line":42,"column":4},"end":{"line":42,"column":31}},"25":{"start":{"line":45,"column":14},"end":{"line":55,"column":3}},"26":{"start":{"line":46,"column":27},"end":{"line":52,"column":14}},"27":{"start":{"line":54,"column":4},"end":{"line":54,"column":39}},"28":{"start":{"line":57,"column":15},"end":{"line":105,"column":3}},"29":{"start":{"line":58,"column":25},"end":{"line":58,"column":27}},"30":{"start":{"line":59,"column":27},"end":{"line":66,"column":14}},"31":{"start":{"line":68,"column":20},"end":{"line":68,"column":48}},"32":{"start":{"line":69,"column":4},"end":{"line":102,"column":5}},"33":{"start":{"line":70,"column":20},"end":{"line":70,"column":28}},"34":{"start":{"line":72,"column":48},"end":{"line":72,"column":53}},"35":{"start":{"line":73,"column":25},"end":{"line":73,"column":31}},"36":{"start":{"line":75,"column":8},"end":{"line":98,"column":9}},"37":{"start":{"line":76,"column":10},"end":{"line":88,"column":11}},"38":{"start":{"line":77,"column":12},"end":{"line":77,"column":29}},"39":{"start":{"line":79,"column":34},"end":{"line":79,"column":36}},"40":{"start":{"line":80,"column":12},"end":{"line":87,"column":16}},"41":{"start":{"line":82,"column":16},"end":{"line":82,"column":34}},"42":{"start":{"line":83,"column":16},"end":{"line":83,"column":45}},"43":{"start":{"line":86,"column":16},"end":{"line":86,"column":29}},"44":{"start":{"line":90,"column":10},"end":{"line":97,"column":11}},"45":{"start":{"line":92,"column":14},"end":{"line":95,"column":16}},"46":{"start":{"line":93,"column":16},"end":{"line":93,"column":73}},"47":{"start":{"line":94,"column":16},"end":{"line":94,"column":40}},"48":{"start":{"line":100,"column":8},"end":{"line":100,"column":36}},"49":{"start":{"line":104,"column":4},"end":{"line":104,"column":18}}},"fnMap":{"0":{"name":"(anonymous_0)","decl":{"start":{"line":6,"column":24},"end":{"line":6,"column":25}},"loc":{"start":{"line":6,"column":42},"end":{"line":8,"column":1}},"line":6},"1":{"name":"(anonymous_1)","decl":{"start":{"line":7,"column":27},"end":{"line":7,"column":28}},"loc":{"start":{"line":7,"column":33},"end":{"line":7,"column":49}},"line":7},"2":{"name":"(anonymous_2)","decl":{"start":{"line":10,"column":20},"end":{"line":10,"column":21}},"loc":{"start":{"line":10,"column":26},"end":{"line":12,"column":1}},"line":10},"3":{"name":"(anonymous_3)","decl":{"start":{"line":11,"column":27},"end":{"line":11,"column":28}},"loc":{"start":{"line":11,"column":33},"end":{"line":11,"column":37}},"line":11},"4":{"name":"(anonymous_4)","decl":{"start":{"line":14,"column":23},"end":{"line":14,"column":24}},"loc":{"start":{"line":15,"column":2},"end":{"line":15,"column":18}},"line":15},"5":{"name":"(anonymous_5)","decl":{"start":{"line":17,"column":22},"end":{"line":17,"column":23}},"loc":{"start":{"line":17,"column":47},"end":{"line":29,"column":1}},"line":17},"6":{"name":"(anonymous_6)","decl":{"start":{"line":32,"column":11},"end":{"line":32,"column":12}},"loc":{"start":{"line":32,"column":21},"end":{"line":39,"column":14}},"line":32},"7":{"name":"(anonymous_7)","decl":{"start":{"line":33,"column":12},"end":{"line":33,"column":13}},"loc":{"start":{"line":33,"column":28},"end":{"line":37,"column":5}},"line":33},"8":{"name":"(anonymous_8)","decl":{"start":{"line":38,"column":9},"end":{"line":38,"column":10}},"loc":{"start":{"line":38,"column":17},"end":{"line":38,"column":55}},"line":38},"9":{"name":"(anonymous_9)","decl":{"start":{"line":41,"column":13},"end":{"line":41,"column":14}},"loc":{"start":{"line":41,"column":30},"end":{"line":43,"column":3}},"line":41},"10":{"name":"(anonymous_10)","decl":{"start":{"line":45,"column":14},"end":{"line":45,"column":15}},"loc":{"start":{"line":45,"column":45},"end":{"line":55,"column":3}},"line":45},"11":{"name":"(anonymous_11)","decl":{"start":{"line":57,"column":15},"end":{"line":57,"column":16}},"loc":{"start":{"line":57,"column":38},"end":{"line":105,"column":3}},"line":57},"12":{"name":"(anonymous_12)","decl":{"start":{"line":70,"column":6},"end":{"line":70,"column":7}},"loc":{"start":{"line":70,"column":20},"end":{"line":70,"column":28}},"line":70},"13":{"name":"(anonymous_13)","decl":{"start":{"line":71,"column":6},"end":{"line":71,"column":7}},"loc":{"start":{"line":71,"column":23},"end":{"line":101,"column":7}},"line":71},"14":{"name":"(anonymous_14)","decl":{"start":{"line":81,"column":20},"end":{"line":81,"column":21}},"loc":{"start":{"line":81,"column":42},"end":{"line":84,"column":15}},"line":81},"15":{"name":"(anonymous_15)","decl":{"start":{"line":85,"column":21},"end":{"line":85,"column":22}},"loc":{"start":{"line":85,"column":27},"end":{"line":87,"column":15}},"line":85},"16":{"name":"(anonymous_16)","decl":{"start":{"line":91,"column":12},"end":{"line":91,"column":13}},"loc":{"start":{"line":91,"column":25},"end":{"line":96,"column":13}},"line":91},"17":{"name":"(anonymous_17)","decl":{"start":{"line":92,"column":29},"end":{"line":92,"column":30}},"loc":{"start":{"line":92,"column":47},"end":{"line":95,"column":15}},"line":92}},"branchMap":{"0":{"loc":{"start":{"line":41,"column":14},"end":{"line":41,"column":25}},"type":"default-arg","locations":[{"start":{"line":41,"column":23},"end":{"line":41,"column":25}}],"line":41},"1":{"loc":{"start":{"line":45,"column":15},"end":{"line":45,"column":26}},"type":"default-arg","locations":[{"start":{"line":45,"column":24},"end":{"line":45,"column":26}}],"line":45},"2":{"loc":{"start":{"line":45,"column":28},"end":{"line":45,"column":40}},"type":"default-arg","locations":[{"start":{"line":45,"column":38},"end":{"line":45,"column":40}}],"line":45},"3":{"loc":{"start":{"line":57,"column":22},"end":{"line":57,"column":33}},"type":"default-arg","locations":[{"start":{"line":57,"column":31},"end":{"line":57,"column":33}}],"line":57},"4":{"loc":{"start":{"line":75,"column":8},"end":{"line":98,"column":9}},"type":"if","locations":[{"start":{"line":75,"column":8},"end":{"line":98,"column":9}},{"start":{"line":75,"column":8},"end":{"line":98,"column":9}}],"line":75},"5":{"loc":{"start":{"line":76,"column":10},"end":{"line":88,"column":11}},"type":"if","locations":[{"start":{"line":76,"column":10},"end":{"line":88,"column":11}},{"start":{"line":76,"column":10},"end":{"line":88,"column":11}}],"line":76}},"s":{"0":1,"1":1,"2":1,"3":0,"4":0,"5":1,"6":0,"7":0,"8":1,"9":0,"10":1,"11":0,"12":0,"13":0,"14":0,"15":0,"16":1,"17":1,"18":0,"19":0,"20":0,"21":0,"22":0,"23":1,"24":0,"25":1,"26":0,"27":0,"28":1,"29":0,"30":0,"31":0,"32":0,"33":0,"34":0,"35":0,"36":0,"37":0,"38":0,"39":0,"40":0,"41":0,"42":0,"43":0,"44":0,"45":0,"46":0,"47":0,"48":0,"49":0},"f":{"0":0,"1":0,"2":0,"3":0,"4":0,"5":0,"6":0,"7":0,"8":0,"9":0,"10":0,"11":0,"12":0,"13":0,"14":0,"15":0,"16":0,"17":0},"b":{"0":[0],"1":[0],"2":[0],"3":[0],"4":[0,0],"5":[0,0]},"_coverageSchema":"1a1c01bbd47fc00a2c39e90264f33305004495a9","hash":"582ef80b105028453f6eb8634894ae1eb2da1766"}
,"/home/mike/development/research/react-native/mobile_client/logic/repos/index.js": {"path":"/home/mike/development/research/react-native/mobile_client/logic/repos/index.js","statementMap":{},"fnMap":{},"branchMap":{},"s":{},"f":{},"b":{},"_coverageSchema":"1a1c01bbd47fc00a2c39e90264f33305004495a9","hash":"9534df8c3e303ab8c6a9cb5586555c0b8864b2fc"}
,"/home/mike/development/research/react-native/mobile_client/logic/subjects/DataSubject.js": {"path":"/home/mike/development/research/react-native/mobile_client/logic/subjects/DataSubject.js","statementMap":{"0":{"start":{"line":5,"column":4},"end":{"line":5,"column":16}},"1":{"start":{"line":8,"column":8},"end":{"line":9,"column":47}},"2":{"start":{"line":9,"column":4},"end":{"line":9,"column":47}}},"fnMap":{"0":{"name":"(anonymous_0)","decl":{"start":{"line":4,"column":2},"end":{"line":4,"column":3}},"loc":{"start":{"line":4,"column":21},"end":{"line":6,"column":3}},"line":4},"1":{"name":"(anonymous_1)","decl":{"start":{"line":8,"column":8},"end":{"line":8,"column":9}},"loc":{"start":{"line":9,"column":4},"end":{"line":9,"column":47}},"line":9}},"branchMap":{},"s":{"0":2,"1":2,"2":4},"f":{"0":2,"1":4},"b":{},"_coverageSchema":"1a1c01bbd47fc00a2c39e90264f33305004495a9","hash":"bbbf1124577a646c2da08082181b3cd555f78c8e"}
,"/home/mike/development/research/react-native/mobile_client/logic/subjects/index.js": {"path":"/home/mike/development/research/react-native/mobile_client/logic/subjects/index.js","statementMap":{},"fnMap":{},"branchMap":{},"s":{},"f":{},"b":{},"_coverageSchema":"1a1c01bbd47fc00a2c39e90264f33305004495a9","hash":"dfe335c4f9e0247350919c1c339178da3fe883a8"}
,"/home/mike/development/research/react-native/mobile_client/views/Signin.js": {"path":"/home/mike/development/research/react-native/mobile_client/views/Signin.js","statementMap":{"0":{"start":{"line":5,"column":18},"end":{"line":36,"column":1}},"1":{"start":{"line":6,"column":28},"end":{"line":6,"column":39}},"2":{"start":{"line":7,"column":34},"end":{"line":7,"column":49}},"3":{"start":{"line":9,"column":2},"end":{"line":19,"column":8}},"4":{"start":{"line":10,"column":20},"end":{"line":16,"column":8}},"5":{"start":{"line":12,"column":8},"end":{"line":13,"column":28}},"6":{"start":{"line":13,"column":10},"end":{"line":13,"column":28}},"7":{"start":{"line":14,"column":8},"end":{"line":15,"column":27}},"8":{"start":{"line":15,"column":10},"end":{"line":15,"column":27}},"9":{"start":{"line":18,"column":4},"end":{"line":18,"column":38}},"10":{"start":{"line":18,"column":17},"end":{"line":18,"column":38}},"11":{"start":{"line":21,"column":2},"end":{"line":35,"column":3}},"12":{"start":{"line":25,"column":29},"end":{"line":25,"column":46}}},"fnMap":{"0":{"name":"(anonymous_0)","decl":{"start":{"line":5,"column":18},"end":{"line":5,"column":19}},"loc":{"start":{"line":5,"column":24},"end":{"line":36,"column":1}},"line":5},"1":{"name":"(anonymous_1)","decl":{"start":{"line":9,"column":12},"end":{"line":9,"column":13}},"loc":{"start":{"line":9,"column":18},"end":{"line":19,"column":3}},"line":9},"2":{"name":"(anonymous_2)","decl":{"start":{"line":11,"column":17},"end":{"line":11,"column":18}},"loc":{"start":{"line":11,"column":26},"end":{"line":16,"column":7}},"line":11},"3":{"name":"(anonymous_3)","decl":{"start":{"line":18,"column":11},"end":{"line":18,"column":12}},"loc":{"start":{"line":18,"column":17},"end":{"line":18,"column":38}},"line":18},"4":{"name":"(anonymous_4)","decl":{"start":{"line":25,"column":23},"end":{"line":25,"column":24}},"loc":{"start":{"line":25,"column":29},"end":{"line":25,"column":46}},"line":25}},"branchMap":{"0":{"loc":{"start":{"line":12,"column":8},"end":{"line":13,"column":28}},"type":"if","locations":[{"start":{"line":12,"column":8},"end":{"line":13,"column":28}},{"start":{"line":12,"column":8},"end":{"line":13,"column":28}}],"line":12},"1":{"loc":{"start":{"line":14,"column":8},"end":{"line":15,"column":27}},"type":"if","locations":[{"start":{"line":14,"column":8},"end":{"line":15,"column":27}},{"start":{"line":14,"column":8},"end":{"line":15,"column":27}}],"line":14},"2":{"loc":{"start":{"line":28,"column":10},"end":{"line":32,"column":9}},"type":"binary-expr","locations":[{"start":{"line":28,"column":10},"end":{"line":28,"column":18}},{"start":{"line":29,"column":10},"end":{"line":31,"column":17}}],"line":28}},"s":{"0":1,"1":1,"2":1,"3":1,"4":0,"5":0,"6":0,"7":0,"8":0,"9":0,"10":0,"11":1,"12":0},"f":{"0":1,"1":0,"2":0,"3":0,"4":0},"b":{"0":[0,0],"1":[0,0],"2":[1,0]},"_coverageSchema":"1a1c01bbd47fc00a2c39e90264f33305004495a9","hash":"59a845ef77cad5ee3d9262191c8958898ad1aaed"}
,"/home/mike/development/research/react-native/mobile_client/views/index.js": {"path":"/home/mike/development/research/react-native/mobile_client/views/index.js","statementMap":{},"fnMap":{},"branchMap":{},"s":{},"f":{},"b":{},"_coverageSchema":"1a1c01bbd47fc00a2c39e90264f33305004495a9","hash":"20af19bdce9aa025b7565ec234cabe0a99d0aefe"}
}
